Determining if the pthread_create exist failed with the following output:
Change Dir: /home/pierre/workspace/ros2_demo/src/jb2a_msgs/build/jb2a_msgs/CMakeFiles/CMakeTmp

Run Build Command:"/usr/bin/make" "cmTC_76c25/fast"
/usr/bin/make -f CMakeFiles/cmTC_76c25.dir/build.make CMakeFiles/cmTC_76c25.dir/build
make[1]: Entering directory '/home/pierre/workspace/ros2_demo/src/jb2a_msgs/build/jb2a_msgs/CMakeFiles/CMakeTmp'
Building C object CMakeFiles/cmTC_76c25.dir/CheckSymbolExists.c.o
/usr/bin/cc    -o CMakeFiles/cmTC_76c25.dir/CheckSymbolExists.c.o   -c /home/pierre/workspace/ros2_demo/src/jb2a_msgs/build/jb2a_msgs/CMakeFiles/CMakeTmp/CheckSymbolExists.c
Linking C executable cmTC_76c25
/usr/bin/cmake -E cmake_link_script CMakeFiles/cmTC_76c25.dir/link.txt --verbose=1
/usr/bin/cc      CMakeFiles/cmTC_76c25.dir/CheckSymbolExists.c.o  -o cmTC_76c25 
CMakeFiles/cmTC_76c25.dir/CheckSymbolExists.c.o: In function `main':
CheckSymbolExists.c:(.text+0x1b): undefined reference to `pthread_create'
collect2: error: ld returned 1 exit status
CMakeFiles/cmTC_76c25.dir/build.make:97: recipe for target 'cmTC_76c25' failed
make[1]: *** [cmTC_76c25] Error 1
make[1]: Leaving directory '/home/pierre/workspace/ros2_demo/src/jb2a_msgs/build/jb2a_msgs/CMakeFiles/CMakeTmp'
Makefile:126: recipe for target 'cmTC_76c25/fast' failed
make: *** [cmTC_76c25/fast] Error 2

File /home/pierre/workspace/ros2_demo/src/jb2a_msgs/build/jb2a_msgs/CMakeFiles/CMakeTmp/CheckSymbolExists.c:
/* */
#include <pthread.h>

int main(int argc, char** argv)
{
  (void)argv;
#ifndef pthread_create
  return ((int*)(&pthread_create))[argc];
#else
  (void)argc;
  return 0;
#endif
}

Determining if the function pthread_create exists in the pthreads failed with the following output:
Change Dir: /home/pierre/workspace/ros2_demo/src/jb2a_msgs/build/jb2a_msgs/CMakeFiles/CMakeTmp

Run Build Command:"/usr/bin/make" "cmTC_21a33/fast"
/usr/bin/make -f CMakeFiles/cmTC_21a33.dir/build.make CMakeFiles/cmTC_21a33.dir/build
make[1]: Entering directory '/home/pierre/workspace/ros2_demo/src/jb2a_msgs/build/jb2a_msgs/CMakeFiles/CMakeTmp'
Building C object CMakeFiles/cmTC_21a33.dir/CheckFunctionExists.c.o
/usr/bin/cc   -DCHECK_FUNCTION_EXISTS=pthread_create   -o CMakeFiles/cmTC_21a33.dir/CheckFunctionExists.c.o   -c /usr/share/cmake-3.10/Modules/CheckFunctionExists.c
Linking C executable cmTC_21a33
/usr/bin/cmake -E cmake_link_script CMakeFiles/cmTC_21a33.dir/link.txt --verbose=1
/usr/bin/cc  -DCHECK_FUNCTION_EXISTS=pthread_create    CMakeFiles/cmTC_21a33.dir/CheckFunctionExists.c.o  -o cmTC_21a33 -lpthreads 
/usr/bin/ld: cannot find -lpthreads
collect2: error: ld returned 1 exit status
CMakeFiles/cmTC_21a33.dir/build.make:97: recipe for target 'cmTC_21a33' failed
make[1]: *** [cmTC_21a33] Error 1
make[1]: Leaving directory '/home/pierre/workspace/ros2_demo/src/jb2a_msgs/build/jb2a_msgs/CMakeFiles/CMakeTmp'
Makefile:126: recipe for target 'cmTC_21a33/fast' failed
make: *** [cmTC_21a33/fast] Error 2


