[0.125s] DEBUG:colcon:Command line arguments: ['/usr/bin/colcon', 'build', '--symlink-install']
[0.126s] DEBUG:colcon:Parsed command line arguments: Namespace(ament_cmake_args=None, base_paths=['.'], build_base='build', catkin_cmake_args=None, catkin_skip_building_tests=False, cmake_args=None, cmake_clean_cache=False, cmake_clean_first=False, cmake_force_configure=False, cmake_target=None, cmake_target_skip_unavailable=False, continue_on_error=False, event_handlers=None, executor='parallel', ignore_user_meta=False, install_base='install', log_base=None, log_level=None, main=<bound method BuildVerb.main of <colcon_core.verb.build.BuildVerb object at 0x7f0d010ced68>>, merge_install=False, metas=['./colcon.meta'], packages_above=None, packages_above_depth=None, packages_end=None, packages_ignore=None, packages_ignore_regex=None, packages_select=None, packages_select_build_failed=False, packages_select_by_dep=None, packages_select_regex=None, packages_select_test_failures=False, packages_skip=None, packages_skip_build_finished=False, packages_skip_by_dep=None, packages_skip_regex=None, packages_skip_test_passed=False, packages_skip_up_to=None, packages_start=None, packages_up_to=None, parallel_workers=4, paths=None, symlink_install=True, test_result_base=None, verb_extension=<colcon_core.verb.build.BuildVerb object at 0x7f0d010ced68>, verb_name='build', verb_parser=<colcon_defaults.argument_parser.defaults.DefaultArgumentsDecorator object at 0x7f0d010dc0b8>)
[0.161s] Level 1:colcon.colcon_core.package_discovery:discover_packages(colcon_meta) check parameters
[0.161s] Level 1:colcon.colcon_core.package_discovery:discover_packages(recursive) check parameters
[0.161s] Level 1:colcon.colcon_core.package_discovery:discover_packages(ignore) check parameters
[0.161s] Level 1:colcon.colcon_core.package_discovery:discover_packages(path) check parameters
[0.161s] Level 1:colcon.colcon_core.package_discovery:discover_packages(colcon_meta) discover
[0.161s] Level 1:colcon.colcon_core.package_discovery:discover_packages(recursive) discover
[0.161s] INFO:colcon.colcon_core.package_discovery:Crawling recursively for packages in '/home/pierre/workspace/ros2_demo/src/jb2a_msgs'
[0.161s] Level 1:colcon.colcon_core.package_identification:_identify(.) by extensions ['ignore', 'ignore_ament_install']
[0.162s] Level 1:colcon.colcon_core.package_identification:_identify(.) by extension 'ignore'
[0.162s] Level 1:colcon.colcon_core.package_identification:_identify(.) by extension 'ignore_ament_install'
[0.162s] Level 1:colcon.colcon_core.package_identification:_identify(.) by extensions ['colcon_pkg']
[0.162s] Level 1:colcon.colcon_core.package_identification:_identify(.) by extension 'colcon_pkg'
[0.162s] Level 1:colcon.colcon_core.package_identification:_identify(.) by extensions ['colcon_meta']
[0.162s] Level 1:colcon.colcon_core.package_identification:_identify(.) by extension 'colcon_meta'
[0.162s] Level 1:colcon.colcon_core.package_identification:_identify(.) by extensions ['ros']
[0.162s] Level 1:colcon.colcon_core.package_identification:_identify(.) by extension 'ros'
[0.174s] DEBUG:colcon.colcon_core.package_identification:Package '.' with type 'ros.ament_cmake' and name 'jb2a_msgs'
[0.174s] Level 1:colcon.colcon_core.package_discovery:discover_packages(recursive) using defaults
[0.174s] Level 1:colcon.colcon_core.package_discovery:discover_packages(ignore) discover
[0.174s] Level 1:colcon.colcon_core.package_discovery:discover_packages(ignore) using defaults
[0.174s] Level 1:colcon.colcon_core.package_discovery:discover_packages(path) discover
[0.174s] Level 1:colcon.colcon_core.package_discovery:discover_packages(path) using defaults
[0.179s] Level 5:colcon.colcon_core.verb:set package 'jb2a_msgs' build argument 'cmake_args' from command line to 'None'
[0.179s] Level 5:colcon.colcon_core.verb:set package 'jb2a_msgs' build argument 'cmake_target' from command line to 'None'
[0.179s] Level 5:colcon.colcon_core.verb:set package 'jb2a_msgs' build argument 'cmake_target_skip_unavailable' from command line to 'False'
[0.179s] Level 5:colcon.colcon_core.verb:set package 'jb2a_msgs' build argument 'cmake_clean_cache' from command line to 'False'
[0.179s] Level 5:colcon.colcon_core.verb:set package 'jb2a_msgs' build argument 'cmake_clean_first' from command line to 'False'
[0.179s] Level 5:colcon.colcon_core.verb:set package 'jb2a_msgs' build argument 'cmake_force_configure' from command line to 'False'
[0.179s] Level 5:colcon.colcon_core.verb:set package 'jb2a_msgs' build argument 'ament_cmake_args' from command line to 'None'
[0.179s] Level 5:colcon.colcon_core.verb:set package 'jb2a_msgs' build argument 'catkin_cmake_args' from command line to 'None'
[0.179s] Level 5:colcon.colcon_core.verb:set package 'jb2a_msgs' build argument 'catkin_skip_building_tests' from command line to 'False'
[0.179s] DEBUG:colcon.colcon_core.verb:Building package 'jb2a_msgs' with the following arguments: {'ament_cmake_args': None, 'build_base': '/home/pierre/workspace/ros2_demo/src/jb2a_msgs/build/jb2a_msgs', 'catkin_cmake_args': None, 'catkin_skip_building_tests': False, 'cmake_args': None, 'cmake_clean_cache': False, 'cmake_clean_first': False, 'cmake_force_configure': False, 'cmake_target': None, 'cmake_target_skip_unavailable': False, 'install_base': '/home/pierre/workspace/ros2_demo/src/jb2a_msgs/install/jb2a_msgs', 'merge_install': False, 'path': '/home/pierre/workspace/ros2_demo/src/jb2a_msgs', 'symlink_install': True, 'test_result_base': None}
[0.179s] INFO:colcon.colcon_core.executor:Executing jobs using 'parallel' executor
[0.181s] DEBUG:colcon.colcon_parallel_executor.executor.parallel:run_until_complete
[0.181s] INFO:colcon.colcon_ros.task.ament_cmake.build:Building ROS package in '/home/pierre/workspace/ros2_demo/src/jb2a_msgs' with build type 'ament_cmake'
[0.184s] INFO:colcon.colcon_core.plugin_system:Skipping extension 'colcon_core.shell.bat': Not used on non-Windows systems
[0.184s] INFO:colcon.colcon_cmake.task.cmake.build:Building CMake package in '/home/pierre/workspace/ros2_demo/src/jb2a_msgs'
[0.185s] INFO:colcon.colcon_core.shell:Skip shell extension 'powershell' for command environment: Not usable outside of PowerShell
[0.185s] DEBUG:colcon.colcon_core.shell:Skip shell extension 'dsv' for command environment
[0.187s] DEBUG:colcon.colcon_core.shell:Ignoring prefix path '/opt/ros/dashing'
[0.192s] DEBUG:colcon.colcon_core.event_handler.log_command:Invoking command in '/home/pierre/workspace/ros2_demo/src/jb2a_msgs/build/jb2a_msgs': CMAKE_PREFIX_PATH=${CMAKE_PREFIX_PATH}:/home/pierre/workspace/ros2_demo/install/py_pubsub:/opt/ros/dashing PS1=${debian_chroot:+($debian_chroot)}\[\033[01;33m\]\u\[\033[00m\]\[\033[01;40m\]@\[\033[00m\]\[\033[01;32m\]\h\[\033[00m\]:\[\033[01;34m\]\w\[\033[00m\]\$ /usr/bin/cmake /home/pierre/workspace/ros2_demo/src/jb2a_msgs -DAMENT_CMAKE_SYMLINK_INSTALL=1 -DCMAKE_INSTALL_PREFIX=/home/pierre/workspace/ros2_demo/src/jb2a_msgs/install/jb2a_msgs
[2.325s] DEBUG:colcon.colcon_core.event_handler.log_command:Invoked command in '/home/pierre/workspace/ros2_demo/src/jb2a_msgs/build/jb2a_msgs' returned '0': CMAKE_PREFIX_PATH=${CMAKE_PREFIX_PATH}:/home/pierre/workspace/ros2_demo/install/py_pubsub:/opt/ros/dashing PS1=${debian_chroot:+($debian_chroot)}\[\033[01;33m\]\u\[\033[00m\]\[\033[01;40m\]@\[\033[00m\]\[\033[01;32m\]\h\[\033[00m\]:\[\033[01;34m\]\w\[\033[00m\]\$ /usr/bin/cmake /home/pierre/workspace/ros2_demo/src/jb2a_msgs -DAMENT_CMAKE_SYMLINK_INSTALL=1 -DCMAKE_INSTALL_PREFIX=/home/pierre/workspace/ros2_demo/src/jb2a_msgs/install/jb2a_msgs
[2.328s] DEBUG:colcon.colcon_core.event_handler.log_command:Invoking command in '/home/pierre/workspace/ros2_demo/src/jb2a_msgs/build/jb2a_msgs': CMAKE_PREFIX_PATH=${CMAKE_PREFIX_PATH}:/home/pierre/workspace/ros2_demo/install/py_pubsub:/opt/ros/dashing PS1=${debian_chroot:+($debian_chroot)}\[\033[01;33m\]\u\[\033[00m\]\[\033[01;40m\]@\[\033[00m\]\[\033[01;32m\]\h\[\033[00m\]:\[\033[01;34m\]\w\[\033[00m\]\$ /usr/bin/cmake --build /home/pierre/workspace/ros2_demo/src/jb2a_msgs/build/jb2a_msgs -- -j4 -l4
[5.363s] DEBUG:colcon.colcon_core.event_handler.log_command:Invoked command in '/home/pierre/workspace/ros2_demo/src/jb2a_msgs/build/jb2a_msgs' returned '0': CMAKE_PREFIX_PATH=${CMAKE_PREFIX_PATH}:/home/pierre/workspace/ros2_demo/install/py_pubsub:/opt/ros/dashing PS1=${debian_chroot:+($debian_chroot)}\[\033[01;33m\]\u\[\033[00m\]\[\033[01;40m\]@\[\033[00m\]\[\033[01;32m\]\h\[\033[00m\]:\[\033[01;34m\]\w\[\033[00m\]\$ /usr/bin/cmake --build /home/pierre/workspace/ros2_demo/src/jb2a_msgs/build/jb2a_msgs -- -j4 -l4
[5.439s] DEBUG:colcon.colcon_core.event_handler.log_command:Invoking command in '/home/pierre/workspace/ros2_demo/src/jb2a_msgs/build/jb2a_msgs': CMAKE_PREFIX_PATH=${CMAKE_PREFIX_PATH}:/home/pierre/workspace/ros2_demo/install/py_pubsub:/opt/ros/dashing PS1=${debian_chroot:+($debian_chroot)}\[\033[01;33m\]\u\[\033[00m\]\[\033[01;40m\]@\[\033[00m\]\[\033[01;32m\]\h\[\033[00m\]:\[\033[01;34m\]\w\[\033[00m\]\$ /usr/bin/cmake --build /home/pierre/workspace/ros2_demo/src/jb2a_msgs/build/jb2a_msgs --target install -- -j4 -l4
[6.244s] Level 1:colcon.colcon_core.environment:create_environment_scripts_only(jb2a_msgs)
[6.245s] DEBUG:colcon.colcon_core.event_handler.log_command:Invoked command in '/home/pierre/workspace/ros2_demo/src/jb2a_msgs/build/jb2a_msgs' returned '0': CMAKE_PREFIX_PATH=${CMAKE_PREFIX_PATH}:/home/pierre/workspace/ros2_demo/install/py_pubsub:/opt/ros/dashing PS1=${debian_chroot:+($debian_chroot)}\[\033[01;33m\]\u\[\033[00m\]\[\033[01;40m\]@\[\033[00m\]\[\033[01;32m\]\h\[\033[00m\]:\[\033[01;34m\]\w\[\033[00m\]\$ /usr/bin/cmake --build /home/pierre/workspace/ros2_demo/src/jb2a_msgs/build/jb2a_msgs --target install -- -j4 -l4
[6.248s] Level 1:colcon.colcon_core.environment:checking '/home/pierre/workspace/ros2_demo/src/jb2a_msgs/install/jb2a_msgs' for CMake module files
[6.248s] Level 1:colcon.colcon_core.environment:checking '/home/pierre/workspace/ros2_demo/src/jb2a_msgs/install/jb2a_msgs' for CMake config files
[6.248s] Level 1:colcon.colcon_core.shell:create_environment_hook('jb2a_msgs', 'cmake_prefix_path')
[6.249s] INFO:colcon.colcon_core.shell:Creating environment hook '/home/pierre/workspace/ros2_demo/src/jb2a_msgs/install/jb2a_msgs/share/jb2a_msgs/hook/cmake_prefix_path.ps1'
[6.250s] INFO:colcon.colcon_core.shell:Creating environment descriptor '/home/pierre/workspace/ros2_demo/src/jb2a_msgs/install/jb2a_msgs/share/jb2a_msgs/hook/cmake_prefix_path.dsv'
[6.250s] INFO:colcon.colcon_core.shell:Creating environment hook '/home/pierre/workspace/ros2_demo/src/jb2a_msgs/install/jb2a_msgs/share/jb2a_msgs/hook/cmake_prefix_path.sh'
[6.252s] Level 1:colcon.colcon_core.environment:checking '/home/pierre/workspace/ros2_demo/src/jb2a_msgs/install/jb2a_msgs/lib'
[6.252s] Level 1:colcon.colcon_core.shell:create_environment_hook('jb2a_msgs', 'ld_library_path_lib')
[6.253s] INFO:colcon.colcon_core.shell:Creating environment hook '/home/pierre/workspace/ros2_demo/src/jb2a_msgs/install/jb2a_msgs/share/jb2a_msgs/hook/ld_library_path_lib.ps1'
[6.253s] INFO:colcon.colcon_core.shell:Creating environment descriptor '/home/pierre/workspace/ros2_demo/src/jb2a_msgs/install/jb2a_msgs/share/jb2a_msgs/hook/ld_library_path_lib.dsv'
[6.253s] INFO:colcon.colcon_core.shell:Creating environment hook '/home/pierre/workspace/ros2_demo/src/jb2a_msgs/install/jb2a_msgs/share/jb2a_msgs/hook/ld_library_path_lib.sh'
[6.254s] Level 1:colcon.colcon_core.environment:checking '/home/pierre/workspace/ros2_demo/src/jb2a_msgs/install/jb2a_msgs/bin'
[6.254s] Level 1:colcon.colcon_core.environment:checking '/home/pierre/workspace/ros2_demo/src/jb2a_msgs/install/jb2a_msgs/lib/pkgconfig/jb2a_msgs.pc'
[6.254s] Level 1:colcon.colcon_core.environment:checking '/home/pierre/workspace/ros2_demo/src/jb2a_msgs/install/jb2a_msgs/lib/python3.6/site-packages'
[6.254s] Level 1:colcon.colcon_core.shell:create_environment_hook('jb2a_msgs', 'pythonpath')
[6.255s] INFO:colcon.colcon_core.shell:Creating environment hook '/home/pierre/workspace/ros2_demo/src/jb2a_msgs/install/jb2a_msgs/share/jb2a_msgs/hook/pythonpath.ps1'
[6.255s] INFO:colcon.colcon_core.shell:Creating environment descriptor '/home/pierre/workspace/ros2_demo/src/jb2a_msgs/install/jb2a_msgs/share/jb2a_msgs/hook/pythonpath.dsv'
[6.255s] INFO:colcon.colcon_core.shell:Creating environment hook '/home/pierre/workspace/ros2_demo/src/jb2a_msgs/install/jb2a_msgs/share/jb2a_msgs/hook/pythonpath.sh'
[6.257s] INFO:colcon.colcon_core.shell:Creating package script '/home/pierre/workspace/ros2_demo/src/jb2a_msgs/install/jb2a_msgs/share/jb2a_msgs/package.ps1'
[6.258s] INFO:colcon.colcon_core.shell:Creating package descriptor '/home/pierre/workspace/ros2_demo/src/jb2a_msgs/install/jb2a_msgs/share/jb2a_msgs/package.dsv'
[6.258s] INFO:colcon.colcon_core.shell:Creating package script '/home/pierre/workspace/ros2_demo/src/jb2a_msgs/install/jb2a_msgs/share/jb2a_msgs/package.sh'
[6.260s] INFO:colcon.colcon_core.shell:Creating package script '/home/pierre/workspace/ros2_demo/src/jb2a_msgs/install/jb2a_msgs/share/jb2a_msgs/package.bash'
[6.260s] INFO:colcon.colcon_core.shell:Creating package script '/home/pierre/workspace/ros2_demo/src/jb2a_msgs/install/jb2a_msgs/share/jb2a_msgs/package.zsh'
[6.261s] Level 1:colcon.colcon_core.environment:create_file_with_runtime_dependencies(/home/pierre/workspace/ros2_demo/src/jb2a_msgs/install/jb2a_msgs/share/colcon-core/packages/jb2a_msgs)
[6.262s] DEBUG:colcon.colcon_parallel_executor.executor.parallel:closing loop
[6.263s] DEBUG:colcon.colcon_parallel_executor.executor.parallel:loop closed
[6.263s] DEBUG:colcon.colcon_parallel_executor.executor.parallel:run_until_complete finished with '0'
[6.263s] DEBUG:colcon.colcon_core.event_reactor:joining thread
[6.268s] INFO:colcon.colcon_core.plugin_system:Skipping extension 'colcon_notification.desktop_notification.terminal_notifier': Not used on non-Darwin systems
[6.268s] INFO:colcon.colcon_core.plugin_system:Skipping extension 'colcon_notification.desktop_notification.win32': Not used on non-Windows systems
[6.268s] INFO:colcon.colcon_notification.desktop_notification:Sending desktop notification using 'notify2'
[6.270s] DEBUG:colcon.colcon_core.event_reactor:joined thread
[6.271s] INFO:colcon.colcon_core.shell:Creating prefix script '/home/pierre/workspace/ros2_demo/src/jb2a_msgs/install/local_setup.ps1'
[6.272s] INFO:colcon.colcon_core.shell:Creating prefix util module '/home/pierre/workspace/ros2_demo/src/jb2a_msgs/install/_local_setup_util_ps1.py'
[6.273s] INFO:colcon.colcon_core.shell:Creating prefix chain script '/home/pierre/workspace/ros2_demo/src/jb2a_msgs/install/setup.ps1'
[6.277s] INFO:colcon.colcon_core.shell:Creating prefix script '/home/pierre/workspace/ros2_demo/src/jb2a_msgs/install/local_setup.sh'
[6.277s] INFO:colcon.colcon_core.shell:Creating prefix util module '/home/pierre/workspace/ros2_demo/src/jb2a_msgs/install/_local_setup_util_sh.py'
[6.278s] INFO:colcon.colcon_core.shell:Creating prefix chain script '/home/pierre/workspace/ros2_demo/src/jb2a_msgs/install/setup.sh'
[6.281s] INFO:colcon.colcon_core.shell:Creating prefix script '/home/pierre/workspace/ros2_demo/src/jb2a_msgs/install/local_setup.bash'
[6.281s] INFO:colcon.colcon_core.shell:Creating prefix chain script '/home/pierre/workspace/ros2_demo/src/jb2a_msgs/install/setup.bash'
[6.283s] INFO:colcon.colcon_core.shell:Creating prefix script '/home/pierre/workspace/ros2_demo/src/jb2a_msgs/install/local_setup.zsh'
[6.284s] INFO:colcon.colcon_core.shell:Creating prefix chain script '/home/pierre/workspace/ros2_demo/src/jb2a_msgs/install/setup.zsh'
